2015-04-01 13:14:24,616 - ClasspathResourceLoader : initialization starting.
2015-04-01 13:14:24,616 - ClasspathResourceLoader : initialization complete.
2015-04-01 13:14:24,632 - ResourceCache : initialized. (class org.apache.velocity.runtime.resource.ResourceCacheImpl)
2015-04-01 13:14:24,632 - Default ResourceManager initialization complete.
2015-04-01 13:14:24,632 - Loaded System Directive: org.apache.velocity.runtime.directive.Literal
2015-04-01 13:14:24,632 - Loaded System Directive: org.apache.velocity.runtime.directive.Macro
2015-04-01 13:14:24,647 - Loaded System Directive: org.apache.velocity.runtime.directive.Parse
2015-04-01 13:14:24,647 - Loaded System Directive: org.apache.velocity.runtime.directive.Include
2015-04-01 13:14:24,647 - Loaded System Directive: org.apache.velocity.runtime.directive.Foreach
2015-04-01 13:14:24,679 - Created: 20 parsers.
2015-04-01 13:14:24,710 - Velocimacro : initialization starting.
2015-04-01 13:14:24,710 - Velocimacro : adding VMs from VM library template : VM_global_library.vm
2015-04-01 13:14:24,725 - ResourceManager : unable to find resource 'VM_global_library.vm' in any resource loader.
2015-04-01 13:14:24,725 - Velocimacro : error using  VM library template VM_global_library.vm : org.apache.velocity.exception.ResourceNotFoundException: Unable to find resource 'VM_global_library.vm'
2015-04-01 13:14:24,725 - Velocimacro :  VM library template macro registration complete.
2015-04-01 13:14:24,725 - Velocimacro : allowInline = true : VMs can be defined inline in templates
2015-04-01 13:14:24,725 - Velocimacro : allowInlineToOverride = false : VMs defined inline may NOT replace previous VM definitions
2015-04-01 13:14:24,725 - Velocimacro : allowInlineLocal = false : VMs defined inline will be  global in scope if allowed.
2015-04-01 13:14:24,725 - Velocimacro : messages on  : VM system will output logging messages
2015-04-01 13:14:24,725 - Velocimacro : autoload off  : VM system will not automatically reload global library macros
2015-04-01 13:14:24,725 - Velocimacro : initialization complete.
2015-04-01 13:14:24,725 - Velocity successfully started.
2015-04-01 13:15:45,935 - SimpleLog4JLogSystem initialized using logfile 'velocity.log'
2015-04-01 13:15:45,935 - ************************************************************** 
2015-04-01 13:15:45,935 - Starting Jakarta Velocity v1.4
2015-04-01 13:15:45,935 - RuntimeInstance initializing.
2015-04-01 13:15:45,935 - Default Properties File: org\apache\velocity\runtime\defaults\velocity.properties
2015-04-01 13:15:45,935 - Trying to use logger class org.apache.velocity.runtime.log.SimpleLog4JLogSystem
2015-04-01 13:15:45,935 - Using logger class org.apache.velocity.runtime.log.SimpleLog4JLogSystem
2015-04-01 13:15:45,951 - Default ResourceManager initializing. (class org.apache.velocity.runtime.resource.ResourceManagerImpl)
2015-04-01 13:15:45,951 - Resource Loader Instantiated: org.apache.velocity.runtime.resource.loader.ClasspathResourceLoader
2015-04-01 13:15:45,951 - ClasspathResourceLoader : initialization starting.
2015-04-01 13:15:45,951 - ClasspathResourceLoader : initialization complete.
2015-04-01 13:15:45,951 - ResourceCache : initialized. (class org.apache.velocity.runtime.resource.ResourceCacheImpl)
2015-04-01 13:15:45,951 - Default ResourceManager initialization complete.
2015-04-01 13:15:45,951 - Loaded System Directive: org.apache.velocity.runtime.directive.Literal
2015-04-01 13:15:45,967 - Loaded System Directive: org.apache.velocity.runtime.directive.Macro
2015-04-01 13:15:45,967 - Loaded System Directive: org.apache.velocity.runtime.directive.Parse
2015-04-01 13:15:45,967 - Loaded System Directive: org.apache.velocity.runtime.directive.Include
2015-04-01 13:15:45,967 - Loaded System Directive: org.apache.velocity.runtime.directive.Foreach
2015-04-01 13:15:46,013 - Created: 20 parsers.
2015-04-01 13:15:46,029 - Velocimacro : initialization starting.
2015-04-01 13:15:46,029 - Velocimacro : adding VMs from VM library template : VM_global_library.vm
2015-04-01 13:15:46,045 - ResourceManager : unable to find resource 'VM_global_library.vm' in any resource loader.
2015-04-01 13:15:46,045 - Velocimacro : error using  VM library template VM_global_library.vm : org.apache.velocity.exception.ResourceNotFoundException: Unable to find resource 'VM_global_library.vm'
2015-04-01 13:15:46,045 - Velocimacro :  VM library template macro registration complete.
2015-04-01 13:15:46,045 - Velocimacro : allowInline = true : VMs can be defined inline in templates
2015-04-01 13:15:46,045 - Velocimacro : allowInlineToOverride = false : VMs defined inline may NOT replace previous VM definitions
2015-04-01 13:15:46,045 - Velocimacro : allowInlineLocal = false : VMs defined inline will be  global in scope if allowed.
2015-04-01 13:15:46,045 - Velocimacro : messages on  : VM system will output logging messages
2015-04-01 13:15:46,045 - Velocimacro : autoload off  : VM system will not automatically reload global library macros
2015-04-01 13:15:46,045 - Velocimacro : initialization complete.
2015-04-01 13:15:46,045 - Velocity successfully started.
2015-04-01 13:18:38,669 - SimpleLog4JLogSystem initialized using logfile 'velocity.log'
2015-04-01 13:18:38,669 - ************************************************************** 
2015-04-01 13:18:38,669 - Starting Jakarta Velocity v1.4
2015-04-01 13:18:38,669 - RuntimeInstance initializing.
2015-04-01 13:18:38,669 - Default Properties File: org\apache\velocity\runtime\defaults\velocity.properties
2015-04-01 13:18:38,669 - Trying to use logger class org.apache.velocity.runtime.log.SimpleLog4JLogSystem
2015-04-01 13:18:38,669 - Using logger class org.apache.velocity.runtime.log.SimpleLog4JLogSystem
2015-04-01 13:18:38,669 - Default ResourceManager initializing. (class org.apache.velocity.runtime.resource.ResourceManagerImpl)
2015-04-01 13:18:38,669 - Resource Loader Instantiated: org.apache.velocity.runtime.resource.loader.ClasspathResourceLoader
2015-04-01 13:18:38,669 - ClasspathResourceLoader : initialization starting.
2015-04-01 13:18:38,669 - ClasspathResourceLoader : initialization complete.
2015-04-01 13:18:38,669 - ResourceCache : initialized. (class org.apache.velocity.runtime.resource.ResourceCacheImpl)
2015-04-01 13:18:38,669 - Default ResourceManager initialization complete.
2015-04-01 13:18:38,669 - Loaded System Directive: org.apache.velocity.runtime.directive.Literal
2015-04-01 13:18:38,669 - Loaded System Directive: org.apache.velocity.runtime.directive.Macro
2015-04-01 13:18:38,684 - Loaded System Directive: org.apache.velocity.runtime.directive.Parse
2015-04-01 13:18:38,684 - Loaded System Directive: org.apache.velocity.runtime.directive.Include
2015-04-01 13:18:38,684 - Loaded System Directive: org.apache.velocity.runtime.directive.Foreach
2015-04-01 13:18:38,731 - Created: 20 parsers.
2015-04-01 13:18:38,747 - Velocimacro : initialization starting.
2015-04-01 13:18:38,747 - Velocimacro : adding VMs from VM library template : VM_global_library.vm
2015-04-01 13:18:38,747 - ResourceManager : unable to find resource 'VM_global_library.vm' in any resource loader.
2015-04-01 13:18:38,747 - Velocimacro : error using  VM library template VM_global_library.vm : org.apache.velocity.exception.ResourceNotFoundException: Unable to find resource 'VM_global_library.vm'
2015-04-01 13:18:38,747 - Velocimacro :  VM library template macro registration complete.
2015-04-01 13:18:38,747 - Velocimacro : allowInline = true : VMs can be defined inline in templates
2015-04-01 13:18:38,747 - Velocimacro : allowInlineToOverride = false : VMs defined inline may NOT replace previous VM definitions
2015-04-01 13:18:38,747 - Velocimacro : allowInlineLocal = false : VMs defined inline will be  global in scope if allowed.
2015-04-01 13:18:38,747 - Velocimacro : messages on  : VM system will output logging messages
2015-04-01 13:18:38,747 - Velocimacro : autoload off  : VM system will not automatically reload global library macros
2015-04-01 13:18:38,747 - Velocimacro : initialization complete.
2015-04-01 13:18:38,747 - Velocity successfully started.
2015-04-01 13:20:01,193 - SimpleLog4JLogSystem initialized using logfile 'velocity.log'
2015-04-01 13:20:01,209 - ************************************************************** 
2015-04-01 13:20:01,209 - Starting Jakarta Velocity v1.4
2015-04-01 13:20:01,209 - RuntimeInstance initializing.
2015-04-01 13:20:01,209 - Default Properties File: org\apache\velocity\runtime\defaults\velocity.properties
2015-04-01 13:20:01,209 - Trying to use logger class org.apache.velocity.runtime.log.SimpleLog4JLogSystem
2015-04-01 13:20:01,209 - Using logger class org.apache.velocity.runtime.log.SimpleLog4JLogSystem
2015-04-01 13:20:01,210 - Default ResourceManager initializing. (class org.apache.velocity.runtime.resource.ResourceManagerImpl)
2015-04-01 13:20:01,210 - Resource Loader Instantiated: org.apache.velocity.runtime.resource.loader.ClasspathResourceLoader
2015-04-01 13:20:01,210 - ClasspathResourceLoader : initialization starting.
2015-04-01 13:20:01,210 - ClasspathResourceLoader : initialization complete.
2015-04-01 13:20:01,210 - ResourceCache : initialized. (class org.apache.velocity.runtime.resource.ResourceCacheImpl)
2015-04-01 13:20:01,210 - Default ResourceManager initialization complete.
2015-04-01 13:20:01,210 - Loaded System Directive: org.apache.velocity.runtime.directive.Literal
2015-04-01 13:20:01,210 - Loaded System Directive: org.apache.velocity.runtime.directive.Macro
2015-04-01 13:20:01,225 - Loaded System Directive: org.apache.velocity.runtime.directive.Parse
2015-04-01 13:20:01,225 - Loaded System Directive: org.apache.velocity.runtime.directive.Include
2015-04-01 13:20:01,225 - Loaded System Directive: org.apache.velocity.runtime.directive.Foreach
2015-04-01 13:20:01,272 - Created: 20 parsers.
2015-04-01 13:20:01,272 - Velocimacro : initialization starting.
2015-04-01 13:20:01,272 - Velocimacro : adding VMs from VM library template : VM_global_library.vm
2015-04-01 13:20:01,288 - ResourceManager : unable to find resource 'VM_global_library.vm' in any resource loader.
2015-04-01 13:20:01,288 - Velocimacro : error using  VM library template VM_global_library.vm : org.apache.velocity.exception.ResourceNotFoundException: Unable to find resource 'VM_global_library.vm'
2015-04-01 13:20:01,288 - Velocimacro :  VM library template macro registration complete.
2015-04-01 13:20:01,288 - Velocimacro : allowInline = true : VMs can be defined inline in templates
2015-04-01 13:20:01,288 - Velocimacro : allowInlineToOverride = false : VMs defined inline may NOT replace previous VM definitions
2015-04-01 13:20:01,288 - Velocimacro : allowInlineLocal = false : VMs defined inline will be  global in scope if allowed.
2015-04-01 13:20:01,288 - Velocimacro : messages on  : VM system will output logging messages
2015-04-01 13:20:01,288 - Velocimacro : autoload off  : VM system will not automatically reload global library macros
2015-04-01 13:20:01,288 - Velocimacro : initialization complete.
2015-04-01 13:20:01,288 - Velocity successfully started.
2015-04-01 13:23:40,675 - ResourceManager : found repast/simphony/scenario/Scenario.vt with loader org.apache.velocity.runtime.resource.loader.ClasspathResourceLoader
2015-04-01 13:37:08,637 - SimpleLog4JLogSystem initialized using logfile 'velocity.log'
2015-04-01 13:37:08,653 - ************************************************************** 
2015-04-01 13:37:08,653 - Starting Jakarta Velocity v1.4
2015-04-01 13:37:08,653 - RuntimeInstance initializing.
2015-04-01 13:37:08,653 - Default Properties File: org\apache\velocity\runtime\defaults\velocity.properties
2015-04-01 13:37:08,653 - Trying to use logger class org.apache.velocity.runtime.log.SimpleLog4JLogSystem
2015-04-01 13:37:08,653 - Using logger class org.apache.velocity.runtime.log.SimpleLog4JLogSystem
2015-04-01 13:37:08,668 - Default ResourceManager initializing. (class org.apache.velocity.runtime.resource.ResourceManagerImpl)
2015-04-01 13:37:08,668 - Resource Loader Instantiated: org.apache.velocity.runtime.resource.loader.ClasspathResourceLoader
2015-04-01 13:37:08,668 - ClasspathResourceLoader : initialization starting.
2015-04-01 13:37:08,668 - ClasspathResourceLoader : initialization complete.
2015-04-01 13:37:08,684 - ResourceCache : initialized. (class org.apache.velocity.runtime.resource.ResourceCacheImpl)
2015-04-01 13:37:08,684 - Default ResourceManager initialization complete.
2015-04-01 13:37:08,684 - Loaded System Directive: org.apache.velocity.runtime.directive.Literal
2015-04-01 13:37:08,699 - Loaded System Directive: org.apache.velocity.runtime.directive.Macro
2015-04-01 13:37:08,715 - Loaded System Directive: org.apache.velocity.runtime.directive.Parse
2015-04-01 13:37:08,715 - Loaded System Directive: org.apache.velocity.runtime.directive.Include
2015-04-01 13:37:08,715 - Loaded System Directive: org.apache.velocity.runtime.directive.Foreach
2015-04-01 13:37:08,827 - Created: 20 parsers.
2015-04-01 13:37:08,843 - Velocimacro : initialization starting.
2015-04-01 13:37:08,843 - Velocimacro : adding VMs from VM library template : VM_global_library.vm
2015-04-01 13:37:08,858 - ResourceManager : unable to find resource 'VM_global_library.vm' in any resource loader.
2015-04-01 13:37:08,858 - Velocimacro : error using  VM library template VM_global_library.vm : org.apache.velocity.exception.ResourceNotFoundException: Unable to find resource 'VM_global_library.vm'
2015-04-01 13:37:08,858 - Velocimacro :  VM library template macro registration complete.
2015-04-01 13:37:08,858 - Velocimacro : allowInline = true : VMs can be defined inline in templates
2015-04-01 13:37:08,858 - Velocimacro : allowInlineToOverride = false : VMs defined inline may NOT replace previous VM definitions
2015-04-01 13:37:08,858 - Velocimacro : allowInlineLocal = false : VMs defined inline will be  global in scope if allowed.
2015-04-01 13:37:08,858 - Velocimacro : messages on  : VM system will output logging messages
2015-04-01 13:37:08,858 - Velocimacro : autoload off  : VM system will not automatically reload global library macros
2015-04-01 13:37:08,858 - Velocimacro : initialization complete.
2015-04-01 13:37:08,858 - Velocity successfully started.
2015-04-01 14:12:39,877 - SimpleLog4JLogSystem initialized using logfile 'velocity.log'
2015-04-01 14:12:39,877 - ************************************************************** 
2015-04-01 14:12:39,877 - Starting Jakarta Velocity v1.4
2015-04-01 14:12:39,877 - RuntimeInstance initializing.
2015-04-01 14:12:39,877 - Default Properties File: org\apache\velocity\runtime\defaults\velocity.properties
2015-04-01 14:12:39,877 - Trying to use logger class org.apache.velocity.runtime.log.SimpleLog4JLogSystem
2015-04-01 14:12:39,877 - Using logger class org.apache.velocity.runtime.log.SimpleLog4JLogSystem
2015-04-01 14:12:39,877 - Default ResourceManager initializing. (class org.apache.velocity.runtime.resource.ResourceManagerImpl)
2015-04-01 14:12:39,893 - Resource Loader Instantiated: org.apache.velocity.runtime.resource.loader.ClasspathResourceLoader
2015-04-01 14:12:39,893 - ClasspathResourceLoader : initialization starting.
2015-04-01 14:12:39,893 - ClasspathResourceLoader : initialization complete.
2015-04-01 14:12:39,893 - ResourceCache : initialized. (class org.apache.velocity.runtime.resource.ResourceCacheImpl)
2015-04-01 14:12:39,893 - Default ResourceManager initialization complete.
2015-04-01 14:12:39,893 - Loaded System Directive: org.apache.velocity.runtime.directive.Literal
2015-04-01 14:12:39,893 - Loaded System Directive: org.apache.velocity.runtime.directive.Macro
2015-04-01 14:12:39,893 - Loaded System Directive: org.apache.velocity.runtime.directive.Parse
2015-04-01 14:12:39,908 - Loaded System Directive: org.apache.velocity.runtime.directive.Include
2015-04-01 14:12:39,908 - Loaded System Directive: org.apache.velocity.runtime.directive.Foreach
2015-04-01 14:12:39,939 - Created: 20 parsers.
2015-04-01 14:12:39,955 - Velocimacro : initialization starting.
2015-04-01 14:12:39,955 - Velocimacro : adding VMs from VM library template : VM_global_library.vm
2015-04-01 14:12:39,971 - ResourceManager : unable to find resource 'VM_global_library.vm' in any resource loader.
2015-04-01 14:12:39,971 - Velocimacro : error using  VM library template VM_global_library.vm : org.apache.velocity.exception.ResourceNotFoundException: Unable to find resource 'VM_global_library.vm'
2015-04-01 14:12:39,971 - Velocimacro :  VM library template macro registration complete.
2015-04-01 14:12:39,971 - Velocimacro : allowInline = true : VMs can be defined inline in templates
2015-04-01 14:12:39,971 - Velocimacro : allowInlineToOverride = false : VMs defined inline may NOT replace previous VM definitions
2015-04-01 14:12:39,971 - Velocimacro : allowInlineLocal = false : VMs defined inline will be  global in scope if allowed.
2015-04-01 14:12:39,971 - Velocimacro : messages on  : VM system will output logging messages
2015-04-01 14:12:39,971 - Velocimacro : autoload off  : VM system will not automatically reload global library macros
2015-04-01 14:12:39,971 - Velocimacro : initialization complete.
2015-04-01 14:12:39,971 - Velocity successfully started.
2015-04-01 14:20:41,300 - SimpleLog4JLogSystem initialized using logfile 'velocity.log'
2015-04-01 14:20:41,534 - ************************************************************** 
2015-04-01 14:20:41,534 - Starting Jakarta Velocity v1.4
2015-04-01 14:20:41,534 - RuntimeInstance initializing.
2015-04-01 14:20:41,534 - Default Properties File: org\apache\velocity\runtime\defaults\velocity.properties
2015-04-01 14:20:41,534 - Trying to use logger class org.apache.velocity.runtime.log.SimpleLog4JLogSystem
2015-04-01 14:20:41,534 - Using logger class org.apache.velocity.runtime.log.SimpleLog4JLogSystem
2015-04-01 14:20:41,534 - Default ResourceManager initializing. (class org.apache.velocity.runtime.resource.ResourceManagerImpl)
2015-04-01 14:20:41,534 - Resource Loader Instantiated: org.apache.velocity.runtime.resource.loader.ClasspathResourceLoader
2015-04-01 14:20:41,534 - ClasspathResourceLoader : initialization starting.
2015-04-01 14:20:41,534 - ClasspathResourceLoader : initialization complete.
2015-04-01 14:20:41,550 - ResourceCache : initialized. (class org.apache.velocity.runtime.resource.ResourceCacheImpl)
2015-04-01 14:20:41,550 - Default ResourceManager initialization complete.
2015-04-01 14:20:41,550 - Loaded System Directive: org.apache.velocity.runtime.directive.Literal
2015-04-01 14:20:41,550 - Loaded System Directive: org.apache.velocity.runtime.directive.Macro
2015-04-01 14:20:41,550 - Loaded System Directive: org.apache.velocity.runtime.directive.Parse
2015-04-01 14:20:41,550 - Loaded System Directive: org.apache.velocity.runtime.directive.Include
2015-04-01 14:20:41,550 - Loaded System Directive: org.apache.velocity.runtime.directive.Foreach
2015-04-01 14:20:41,612 - Created: 20 parsers.
2015-04-01 14:20:41,628 - Velocimacro : initialization starting.
2015-04-01 14:20:41,628 - Velocimacro : adding VMs from VM library template : VM_global_library.vm
2015-04-01 14:20:41,628 - ResourceManager : unable to find resource 'VM_global_library.vm' in any resource loader.
2015-04-01 14:20:41,628 - Velocimacro : error using  VM library template VM_global_library.vm : org.apache.velocity.exception.ResourceNotFoundException: Unable to find resource 'VM_global_library.vm'
2015-04-01 14:20:41,628 - Velocimacro :  VM library template macro registration complete.
2015-04-01 14:20:41,628 - Velocimacro : allowInline = true : VMs can be defined inline in templates
2015-04-01 14:20:41,628 - Velocimacro : allowInlineToOverride = false : VMs defined inline may NOT replace previous VM definitions
2015-04-01 14:20:41,628 - Velocimacro : allowInlineLocal = false : VMs defined inline will be  global in scope if allowed.
2015-04-01 14:20:41,628 - Velocimacro : messages on  : VM system will output logging messages
2015-04-01 14:20:41,628 - Velocimacro : autoload off  : VM system will not automatically reload global library macros
2015-04-01 14:20:41,628 - Velocimacro : initialization complete.
2015-04-01 14:20:41,628 - Velocity successfully started.
2015-04-01 14:24:03,329 - SimpleLog4JLogSystem initialized using logfile 'velocity.log'
2015-04-01 14:24:03,329 - ************************************************************** 
2015-04-01 14:24:03,329 - Starting Jakarta Velocity v1.4
2015-04-01 14:24:03,329 - RuntimeInstance initializing.
2015-04-01 14:24:03,329 - Default Properties File: org\apache\velocity\runtime\defaults\velocity.properties
2015-04-01 14:24:03,329 - Trying to use logger class org.apache.velocity.runtime.log.SimpleLog4JLogSystem
2015-04-01 14:24:03,329 - Using logger class org.apache.velocity.runtime.log.SimpleLog4JLogSystem
2015-04-01 14:24:03,344 - Default ResourceManager initializing. (class org.apache.velocity.runtime.resource.ResourceManagerImpl)
2015-04-01 14:24:03,344 - Resource Loader Instantiated: org.apache.velocity.runtime.resource.loader.ClasspathResourceLoader
2015-04-01 14:24:03,344 - ClasspathResourceLoader : initialization starting.
2015-04-01 14:24:03,344 - ClasspathResourceLoader : initialization complete.
2015-04-01 14:24:03,344 - ResourceCache : initialized. (class org.apache.velocity.runtime.resource.ResourceCacheImpl)
2015-04-01 14:24:03,344 - Default ResourceManager initialization complete.
2015-04-01 14:24:03,344 - Loaded System Directive: org.apache.velocity.runtime.directive.Literal
2015-04-01 14:24:03,344 - Loaded System Directive: org.apache.velocity.runtime.directive.Macro
2015-04-01 14:24:03,360 - Loaded System Directive: org.apache.velocity.runtime.directive.Parse
2015-04-01 14:24:03,360 - Loaded System Directive: org.apache.velocity.runtime.directive.Include
2015-04-01 14:24:03,360 - Loaded System Directive: org.apache.velocity.runtime.directive.Foreach
2015-04-01 14:24:03,391 - Created: 20 parsers.
2015-04-01 14:24:03,407 - Velocimacro : initialization starting.
2015-04-01 14:24:03,407 - Velocimacro : adding VMs from VM library template : VM_global_library.vm
2015-04-01 14:24:03,407 - ResourceManager : unable to find resource 'VM_global_library.vm' in any resource loader.
2015-04-01 14:24:03,407 - Velocimacro : error using  VM library template VM_global_library.vm : org.apache.velocity.exception.ResourceNotFoundException: Unable to find resource 'VM_global_library.vm'
2015-04-01 14:24:03,407 - Velocimacro :  VM library template macro registration complete.
2015-04-01 14:24:03,407 - Velocimacro : allowInline = true : VMs can be defined inline in templates
2015-04-01 14:24:03,407 - Velocimacro : allowInlineToOverride = false : VMs defined inline may NOT replace previous VM definitions
2015-04-01 14:24:03,407 - Velocimacro : allowInlineLocal = false : VMs defined inline will be  global in scope if allowed.
2015-04-01 14:24:03,407 - Velocimacro : messages on  : VM system will output logging messages
2015-04-01 14:24:03,407 - Velocimacro : autoload off  : VM system will not automatically reload global library macros
2015-04-01 14:24:03,407 - Velocimacro : initialization complete.
2015-04-01 14:24:03,407 - Velocity successfully started.
2015-04-01 14:28:50,546 - SimpleLog4JLogSystem initialized using logfile 'velocity.log'
2015-04-01 14:28:50,546 - ************************************************************** 
2015-04-01 14:28:50,546 - Starting Jakarta Velocity v1.4
2015-04-01 14:28:50,546 - RuntimeInstance initializing.
2015-04-01 14:28:50,546 - Default Properties File: org\apache\velocity\runtime\defaults\velocity.properties
2015-04-01 14:28:50,546 - Trying to use logger class org.apache.velocity.runtime.log.SimpleLog4JLogSystem
2015-04-01 14:28:50,546 - Using logger class org.apache.velocity.runtime.log.SimpleLog4JLogSystem
2015-04-01 14:28:50,546 - Default ResourceManager initializing. (class org.apache.velocity.runtime.resource.ResourceManagerImpl)
2015-04-01 14:28:50,546 - Resource Loader Instantiated: org.apache.velocity.runtime.resource.loader.ClasspathResourceLoader
2015-04-01 14:28:50,546 - ClasspathResourceLoader : initialization starting.
2015-04-01 14:28:50,546 - ClasspathResourceLoader : initialization complete.
2015-04-01 14:28:50,546 - ResourceCache : initialized. (class org.apache.velocity.runtime.resource.ResourceCacheImpl)
2015-04-01 14:28:50,546 - Default ResourceManager initialization complete.
2015-04-01 14:28:50,546 - Loaded System Directive: org.apache.velocity.runtime.directive.Literal
2015-04-01 14:28:50,562 - Loaded System Directive: org.apache.velocity.runtime.directive.Macro
2015-04-01 14:28:50,562 - Loaded System Directive: org.apache.velocity.runtime.directive.Parse
2015-04-01 14:28:50,562 - Loaded System Directive: org.apache.velocity.runtime.directive.Include
2015-04-01 14:28:50,562 - Loaded System Directive: org.apache.velocity.runtime.directive.Foreach
2015-04-01 14:28:50,593 - Created: 20 parsers.
2015-04-01 14:28:50,608 - Velocimacro : initialization starting.
2015-04-01 14:28:50,608 - Velocimacro : adding VMs from VM library template : VM_global_library.vm
2015-04-01 14:28:50,608 - ResourceManager : unable to find resource 'VM_global_library.vm' in any resource loader.
2015-04-01 14:28:50,608 - Velocimacro : error using  VM library template VM_global_library.vm : org.apache.velocity.exception.ResourceNotFoundException: Unable to find resource 'VM_global_library.vm'
2015-04-01 14:28:50,608 - Velocimacro :  VM library template macro registration complete.
2015-04-01 14:28:50,608 - Velocimacro : allowInline = true : VMs can be defined inline in templates
2015-04-01 14:28:50,608 - Velocimacro : allowInlineToOverride = false : VMs defined inline may NOT replace previous VM definitions
2015-04-01 14:28:50,608 - Velocimacro : allowInlineLocal = false : VMs defined inline will be  global in scope if allowed.
2015-04-01 14:28:50,608 - Velocimacro : messages on  : VM system will output logging messages
2015-04-01 14:28:50,608 - Velocimacro : autoload off  : VM system will not automatically reload global library macros
2015-04-01 14:28:50,608 - Velocimacro : initialization complete.
2015-04-01 14:28:50,608 - Velocity successfully started.
2015-04-01 15:12:54,252 - SimpleLog4JLogSystem initialized using logfile 'velocity.log'
2015-04-01 15:12:54,252 - ************************************************************** 
2015-04-01 15:12:54,252 - Starting Jakarta Velocity v1.4
2015-04-01 15:12:54,252 - RuntimeInstance initializing.
2015-04-01 15:12:54,252 - Default Properties File: org\apache\velocity\runtime\defaults\velocity.properties
2015-04-01 15:12:54,252 - Trying to use logger class org.apache.velocity.runtime.log.SimpleLog4JLogSystem
2015-04-01 15:12:54,252 - Using logger class org.apache.velocity.runtime.log.SimpleLog4JLogSystem
2015-04-01 15:12:54,260 - Default ResourceManager initializing. (class org.apache.velocity.runtime.resource.ResourceManagerImpl)
2015-04-01 15:12:54,265 - Resource Loader Instantiated: org.apache.velocity.runtime.resource.loader.ClasspathResourceLoader
2015-04-01 15:12:54,265 - ClasspathResourceLoader : initialization starting.
2015-04-01 15:12:54,265 - ClasspathResourceLoader : initialization complete.
2015-04-01 15:12:54,267 - ResourceCache : initialized. (class org.apache.velocity.runtime.resource.ResourceCacheImpl)
2015-04-01 15:12:54,267 - Default ResourceManager initialization complete.
2015-04-01 15:12:54,270 - Loaded System Directive: org.apache.velocity.runtime.directive.Literal
2015-04-01 15:12:54,275 - Loaded System Directive: org.apache.velocity.runtime.directive.Macro
2015-04-01 15:12:54,280 - Loaded System Directive: org.apache.velocity.runtime.directive.Parse
2015-04-01 15:12:54,282 - Loaded System Directive: org.apache.velocity.runtime.directive.Include
2015-04-01 15:12:54,282 - Loaded System Directive: org.apache.velocity.runtime.directive.Foreach
2015-04-01 15:12:54,322 - Created: 20 parsers.
2015-04-01 15:12:54,335 - Velocimacro : initialization starting.
2015-04-01 15:12:54,335 - Velocimacro : adding VMs from VM library template : VM_global_library.vm
2015-04-01 15:12:54,345 - ResourceManager : unable to find resource 'VM_global_library.vm' in any resource loader.
2015-04-01 15:12:54,345 - Velocimacro : error using  VM library template VM_global_library.vm : org.apache.velocity.exception.ResourceNotFoundException: Unable to find resource 'VM_global_library.vm'
2015-04-01 15:12:54,345 - Velocimacro :  VM library template macro registration complete.
2015-04-01 15:12:54,345 - Velocimacro : allowInline = true : VMs can be defined inline in templates
2015-04-01 15:12:54,345 - Velocimacro : allowInlineToOverride = false : VMs defined inline may NOT replace previous VM definitions
2015-04-01 15:12:54,345 - Velocimacro : allowInlineLocal = false : VMs defined inline will be  global in scope if allowed.
2015-04-01 15:12:54,345 - Velocimacro : messages on  : VM system will output logging messages
2015-04-01 15:12:54,345 - Velocimacro : autoload off  : VM system will not automatically reload global library macros
2015-04-01 15:12:54,345 - Velocimacro : initialization complete.
2015-04-01 15:12:54,345 - Velocity successfully started.
2015-04-01 15:13:10,566 - SimpleLog4JLogSystem initialized using logfile 'velocity.log'
2015-04-01 15:13:10,566 - ************************************************************** 
2015-04-01 15:13:10,566 - Starting Jakarta Velocity v1.4
2015-04-01 15:13:10,566 - RuntimeInstance initializing.
2015-04-01 15:13:10,566 - Default Properties File: org\apache\velocity\runtime\defaults\velocity.properties
2015-04-01 15:13:10,566 - Trying to use logger class org.apache.velocity.runtime.log.SimpleLog4JLogSystem
2015-04-01 15:13:10,566 - Using logger class org.apache.velocity.runtime.log.SimpleLog4JLogSystem
2015-04-01 15:13:10,571 - Default ResourceManager initializing. (class org.apache.velocity.runtime.resource.ResourceManagerImpl)
2015-04-01 15:13:10,574 - Resource Loader Instantiated: org.apache.velocity.runtime.resource.loader.ClasspathResourceLoader
2015-04-01 15:13:10,574 - ClasspathResourceLoader : initialization starting.
2015-04-01 15:13:10,574 - ClasspathResourceLoader : initialization complete.
2015-04-01 15:13:10,576 - ResourceCache : initialized. (class org.apache.velocity.runtime.resource.ResourceCacheImpl)
2015-04-01 15:13:10,576 - Default ResourceManager initialization complete.
2015-04-01 15:13:10,579 - Loaded System Directive: org.apache.velocity.runtime.directive.Literal
2015-04-01 15:13:10,581 - Loaded System Directive: org.apache.velocity.runtime.directive.Macro
2015-04-01 15:13:10,584 - Loaded System Directive: org.apache.velocity.runtime.directive.Parse
2015-04-01 15:13:10,589 - Loaded System Directive: org.apache.velocity.runtime.directive.Include
2015-04-01 15:13:10,591 - Loaded System Directive: org.apache.velocity.runtime.directive.Foreach
2015-04-01 15:13:10,634 - Created: 20 parsers.
2015-04-01 15:13:10,646 - Velocimacro : initialization starting.
2015-04-01 15:13:10,646 - Velocimacro : adding VMs from VM library template : VM_global_library.vm
2015-04-01 15:13:10,651 - ResourceManager : unable to find resource 'VM_global_library.vm' in any resource loader.
2015-04-01 15:13:10,651 - Velocimacro : error using  VM library template VM_global_library.vm : org.apache.velocity.exception.ResourceNotFoundException: Unable to find resource 'VM_global_library.vm'
2015-04-01 15:13:10,651 - Velocimacro :  VM library template macro registration complete.
2015-04-01 15:13:10,654 - Velocimacro : allowInline = true : VMs can be defined inline in templates
2015-04-01 15:13:10,654 - Velocimacro : allowInlineToOverride = false : VMs defined inline may NOT replace previous VM definitions
2015-04-01 15:13:10,654 - Velocimacro : allowInlineLocal = false : VMs defined inline will be  global in scope if allowed.
2015-04-01 15:13:10,654 - Velocimacro : messages on  : VM system will output logging messages
2015-04-01 15:13:10,654 - Velocimacro : autoload off  : VM system will not automatically reload global library macros
2015-04-01 15:13:10,654 - Velocimacro : initialization complete.
2015-04-01 15:13:10,654 - Velocity successfully started.
2015-04-01 15:21:33,629 - SimpleLog4JLogSystem initialized using logfile 'velocity.log'
2015-04-01 15:21:33,629 - ************************************************************** 
2015-04-01 15:21:33,629 - Starting Jakarta Velocity v1.4
2015-04-01 15:21:33,629 - RuntimeInstance initializing.
2015-04-01 15:21:33,629 - Default Properties File: org\apache\velocity\runtime\defaults\velocity.properties
2015-04-01 15:21:33,629 - Trying to use logger class org.apache.velocity.runtime.log.SimpleLog4JLogSystem
2015-04-01 15:21:33,629 - Using logger class org.apache.velocity.runtime.log.SimpleLog4JLogSystem
2015-04-01 15:21:33,645 - Default ResourceManager initializing. (class org.apache.velocity.runtime.resource.ResourceManagerImpl)
2015-04-01 15:21:33,645 - Resource Loader Instantiated: org.apache.velocity.runtime.resource.loader.ClasspathResourceLoader
2015-04-01 15:21:33,645 - ClasspathResourceLoader : initialization starting.
2015-04-01 15:21:33,645 - ClasspathResourceLoader : initialization complete.
2015-04-01 15:21:33,645 - ResourceCache : initialized. (class org.apache.velocity.runtime.resource.ResourceCacheImpl)
2015-04-01 15:21:33,645 - Default ResourceManager initialization complete.
2015-04-01 15:21:33,645 - Loaded System Directive: org.apache.velocity.runtime.directive.Literal
2015-04-01 15:21:33,645 - Loaded System Directive: org.apache.velocity.runtime.directive.Macro
2015-04-01 15:21:33,645 - Loaded System Directive: org.apache.velocity.runtime.directive.Parse
2015-04-01 15:21:33,660 - Loaded System Directive: org.apache.velocity.runtime.directive.Include
2015-04-01 15:21:33,660 - Loaded System Directive: org.apache.velocity.runtime.directive.Foreach
2015-04-01 15:21:33,972 - Created: 20 parsers.
2015-04-01 15:21:33,972 - Velocimacro : initialization starting.
2015-04-01 15:21:33,972 - Velocimacro : adding VMs from VM library template : VM_global_library.vm
2015-04-01 15:21:33,988 - ResourceManager : unable to find resource 'VM_global_library.vm' in any resource loader.
2015-04-01 15:21:33,988 - Velocimacro : error using  VM library template VM_global_library.vm : org.apache.velocity.exception.ResourceNotFoundException: Unable to find resource 'VM_global_library.vm'
2015-04-01 15:21:33,988 - Velocimacro :  VM library template macro registration complete.
2015-04-01 15:21:33,988 - Velocimacro : allowInline = true : VMs can be defined inline in templates
2015-04-01 15:21:33,988 - Velocimacro : allowInlineToOverride = false : VMs defined inline may NOT replace previous VM definitions
2015-04-01 15:21:33,988 - Velocimacro : allowInlineLocal = false : VMs defined inline will be  global in scope if allowed.
2015-04-01 15:21:33,988 - Velocimacro : messages on  : VM system will output logging messages
2015-04-01 15:21:33,988 - Velocimacro : autoload off  : VM system will not automatically reload global library macros
2015-04-01 15:21:33,988 - Velocimacro : initialization complete.
2015-04-01 15:21:33,988 - Velocity successfully started.
2015-04-01 15:31:14,059 - SimpleLog4JLogSystem initialized using logfile 'velocity.log'
2015-04-01 15:31:14,059 - ************************************************************** 
2015-04-01 15:31:14,059 - Starting Jakarta Velocity v1.4
2015-04-01 15:31:14,059 - RuntimeInstance initializing.
2015-04-01 15:31:14,059 - Default Properties File: org\apache\velocity\runtime\defaults\velocity.properties
2015-04-01 15:31:14,059 - Trying to use logger class org.apache.velocity.runtime.log.SimpleLog4JLogSystem
2015-04-01 15:31:14,059 - Using logger class org.apache.velocity.runtime.log.SimpleLog4JLogSystem
2015-04-01 15:31:14,075 - Default ResourceManager initializing. (class org.apache.velocity.runtime.resource.ResourceManagerImpl)
2015-04-01 15:31:14,075 - Resource Loader Instantiated: org.apache.velocity.runtime.resource.loader.ClasspathResourceLoader
2015-04-01 15:31:14,075 - ClasspathResourceLoader : initialization starting.
2015-04-01 15:31:14,075 - ClasspathResourceLoader : initialization complete.
2015-04-01 15:31:14,075 - ResourceCache : initialized. (class org.apache.velocity.runtime.resource.ResourceCacheImpl)
2015-04-01 15:31:14,075 - Default ResourceManager initialization complete.
2015-04-01 15:31:14,075 - Loaded System Directive: org.apache.velocity.runtime.directive.Literal
2015-04-01 15:31:14,090 - Loaded System Directive: org.apache.velocity.runtime.directive.Macro
2015-04-01 15:31:14,090 - Loaded System Directive: org.apache.velocity.runtime.directive.Parse
2015-04-01 15:31:14,090 - Loaded System Directive: org.apache.velocity.runtime.directive.Include
2015-04-01 15:31:14,090 - Loaded System Directive: org.apache.velocity.runtime.directive.Foreach
2015-04-01 15:31:14,137 - Created: 20 parsers.
2015-04-01 15:31:14,153 - Velocimacro : initialization starting.
2015-04-01 15:31:14,153 - Velocimacro : adding VMs from VM library template : VM_global_library.vm
2015-04-01 15:31:14,153 - ResourceManager : unable to find resource 'VM_global_library.vm' in any resource loader.
2015-04-01 15:31:14,168 - Velocimacro : error using  VM library template VM_global_library.vm : org.apache.velocity.exception.ResourceNotFoundException: Unable to find resource 'VM_global_library.vm'
2015-04-01 15:31:14,168 - Velocimacro :  VM library template macro registration complete.
2015-04-01 15:31:14,168 - Velocimacro : allowInline = true : VMs can be defined inline in templates
2015-04-01 15:31:14,168 - Velocimacro : allowInlineToOverride = false : VMs defined inline may NOT replace previous VM definitions
2015-04-01 15:31:14,168 - Velocimacro : allowInlineLocal = false : VMs defined inline will be  global in scope if allowed.
2015-04-01 15:31:14,168 - Velocimacro : messages on  : VM system will output logging messages
2015-04-01 15:31:14,168 - Velocimacro : autoload off  : VM system will not automatically reload global library macros
2015-04-01 15:31:14,168 - Velocimacro : initialization complete.
2015-04-01 15:31:14,168 - Velocity successfully started.
2015-04-01 15:34:51,051 - SimpleLog4JLogSystem initialized using logfile 'velocity.log'
2015-04-01 15:34:51,051 - ************************************************************** 
2015-04-01 15:34:51,051 - Starting Jakarta Velocity v1.4
2015-04-01 15:34:51,051 - RuntimeInstance initializing.
2015-04-01 15:34:51,051 - Default Properties File: org\apache\velocity\runtime\defaults\velocity.properties
2015-04-01 15:34:51,051 - Trying to use logger class org.apache.velocity.runtime.log.SimpleLog4JLogSystem
2015-04-01 15:34:51,051 - Using logger class org.apache.velocity.runtime.log.SimpleLog4JLogSystem
2015-04-01 15:34:51,051 - Default ResourceManager initializing. (class org.apache.velocity.runtime.resource.ResourceManagerImpl)
2015-04-01 15:34:51,051 - Resource Loader Instantiated: org.apache.velocity.runtime.resource.loader.ClasspathResourceLoader
2015-04-01 15:34:51,051 - ClasspathResourceLoader : initialization starting.
2015-04-01 15:34:51,051 - ClasspathResourceLoader : initialization complete.
2015-04-01 15:34:51,051 - ResourceCache : initialized. (class org.apache.velocity.runtime.resource.ResourceCacheImpl)
2015-04-01 15:34:51,051 - Default ResourceManager initialization complete.
2015-04-01 15:34:51,067 - Loaded System Directive: org.apache.velocity.runtime.directive.Literal
2015-04-01 15:34:51,067 - Loaded System Directive: org.apache.velocity.runtime.directive.Macro
2015-04-01 15:34:51,067 - Loaded System Directive: org.apache.velocity.runtime.directive.Parse
2015-04-01 15:34:51,067 - Loaded System Directive: org.apache.velocity.runtime.directive.Include
2015-04-01 15:34:51,067 - Loaded System Directive: org.apache.velocity.runtime.directive.Foreach
2015-04-01 15:34:51,114 - Created: 20 parsers.
2015-04-01 15:34:51,129 - Velocimacro : initialization starting.
2015-04-01 15:34:51,129 - Velocimacro : adding VMs from VM library template : VM_global_library.vm
2015-04-01 15:34:51,129 - ResourceManager : unable to find resource 'VM_global_library.vm' in any resource loader.
2015-04-01 15:34:51,129 - Velocimacro : error using  VM library template VM_global_library.vm : org.apache.velocity.exception.ResourceNotFoundException: Unable to find resource 'VM_global_library.vm'
2015-04-01 15:34:51,129 - Velocimacro :  VM library template macro registration complete.
2015-04-01 15:34:51,129 - Velocimacro : allowInline = true : VMs can be defined inline in templates
2015-04-01 15:34:51,129 - Velocimacro : allowInlineToOverride = false : VMs defined inline may NOT replace previous VM definitions
2015-04-01 15:34:51,129 - Velocimacro : allowInlineLocal = false : VMs defined inline will be  global in scope if allowed.
2015-04-01 15:34:51,129 - Velocimacro : messages on  : VM system will output logging messages
2015-04-01 15:34:51,129 - Velocimacro : autoload off  : VM system will not automatically reload global library macros
2015-04-01 15:34:51,129 - Velocimacro : initialization complete.
2015-04-01 15:34:51,129 - Velocity successfully started.
2015-04-01 15:35:33,405 - SimpleLog4JLogSystem initialized using logfile 'velocity.log'
2015-04-01 15:35:33,405 - ************************************************************** 
2015-04-01 15:35:33,405 - Starting Jakarta Velocity v1.4
2015-04-01 15:35:33,405 - RuntimeInstance initializing.
2015-04-01 15:35:33,405 - Default Properties File: org\apache\velocity\runtime\defaults\velocity.properties
2015-04-01 15:35:33,405 - Trying to use logger class org.apache.velocity.runtime.log.SimpleLog4JLogSystem
2015-04-01 15:35:33,405 - Using logger class org.apache.velocity.runtime.log.SimpleLog4JLogSystem
2015-04-01 15:35:33,421 - Default ResourceManager initializing. (class org.apache.velocity.runtime.resource.ResourceManagerImpl)
2015-04-01 15:35:33,421 - Resource Loader Instantiated: org.apache.velocity.runtime.resource.loader.ClasspathResourceLoader
2015-04-01 15:35:33,421 - ClasspathResourceLoader : initialization starting.
2015-04-01 15:35:33,421 - ClasspathResourceLoader : initialization complete.
2015-04-01 15:35:33,421 - ResourceCache : initialized. (class org.apache.velocity.runtime.resource.ResourceCacheImpl)
2015-04-01 15:35:33,421 - Default ResourceManager initialization complete.
2015-04-01 15:35:33,421 - Loaded System Directive: org.apache.velocity.runtime.directive.Literal
2015-04-01 15:35:33,421 - Loaded System Directive: org.apache.velocity.runtime.directive.Macro
2015-04-01 15:35:33,421 - Loaded System Directive: org.apache.velocity.runtime.directive.Parse
2015-04-01 15:35:33,421 - Loaded System Directive: org.apache.velocity.runtime.directive.Include
2015-04-01 15:35:33,436 - Loaded System Directive: org.apache.velocity.runtime.directive.Foreach
2015-04-01 15:35:33,468 - Created: 20 parsers.
2015-04-01 15:35:33,483 - Velocimacro : initialization starting.
2015-04-01 15:35:33,483 - Velocimacro : adding VMs from VM library template : VM_global_library.vm
2015-04-01 15:35:33,483 - ResourceManager : unable to find resource 'VM_global_library.vm' in any resource loader.
2015-04-01 15:35:33,483 - Velocimacro : error using  VM library template VM_global_library.vm : org.apache.velocity.exception.ResourceNotFoundException: Unable to find resource 'VM_global_library.vm'
2015-04-01 15:35:33,483 - Velocimacro :  VM library template macro registration complete.
2015-04-01 15:35:33,483 - Velocimacro : allowInline = true : VMs can be defined inline in templates
2015-04-01 15:35:33,483 - Velocimacro : allowInlineToOverride = false : VMs defined inline may NOT replace previous VM definitions
2015-04-01 15:35:33,483 - Velocimacro : allowInlineLocal = false : VMs defined inline will be  global in scope if allowed.
2015-04-01 15:35:33,483 - Velocimacro : messages on  : VM system will output logging messages
2015-04-01 15:35:33,483 - Velocimacro : autoload off  : VM system will not automatically reload global library macros
2015-04-01 15:35:33,483 - Velocimacro : initialization complete.
2015-04-01 15:35:33,483 - Velocity successfully started.
2015-04-01 15:37:40,918 - SimpleLog4JLogSystem initialized using logfile 'velocity.log'
2015-04-01 15:37:40,918 - ************************************************************** 
2015-04-01 15:37:40,918 - Starting Jakarta Velocity v1.4
2015-04-01 15:37:40,918 - RuntimeInstance initializing.
2015-04-01 15:37:40,918 - Default Properties File: org\apache\velocity\runtime\defaults\velocity.properties
2015-04-01 15:37:40,918 - Trying to use logger class org.apache.velocity.runtime.log.SimpleLog4JLogSystem
2015-04-01 15:37:40,918 - Using logger class org.apache.velocity.runtime.log.SimpleLog4JLogSystem
2015-04-01 15:37:40,933 - Default ResourceManager initializing. (class org.apache.velocity.runtime.resource.ResourceManagerImpl)
2015-04-01 15:37:40,934 - Resource Loader Instantiated: org.apache.velocity.runtime.resource.loader.ClasspathResourceLoader
2015-04-01 15:37:40,934 - ClasspathResourceLoader : initialization starting.
2015-04-01 15:37:40,934 - ClasspathResourceLoader : initialization complete.
2015-04-01 15:37:40,934 - ResourceCache : initialized. (class org.apache.velocity.runtime.resource.ResourceCacheImpl)
2015-04-01 15:37:40,934 - Default ResourceManager initialization complete.
2015-04-01 15:37:40,934 - Loaded System Directive: org.apache.velocity.runtime.directive.Literal
2015-04-01 15:37:40,934 - Loaded System Directive: org.apache.velocity.runtime.directive.Macro
2015-04-01 15:37:40,934 - Loaded System Directive: org.apache.velocity.runtime.directive.Parse
2015-04-01 15:37:40,950 - Loaded System Directive: org.apache.velocity.runtime.directive.Include
2015-04-01 15:37:40,950 - Loaded System Directive: org.apache.velocity.runtime.directive.Foreach
2015-04-01 15:37:40,981 - Created: 20 parsers.
2015-04-01 15:37:40,981 - Velocimacro : initialization starting.
2015-04-01 15:37:40,981 - Velocimacro : adding VMs from VM library template : VM_global_library.vm
2015-04-01 15:37:40,997 - ResourceManager : unable to find resource 'VM_global_library.vm' in any resource loader.
2015-04-01 15:37:40,997 - Velocimacro : error using  VM library template VM_global_library.vm : org.apache.velocity.exception.ResourceNotFoundException: Unable to find resource 'VM_global_library.vm'
2015-04-01 15:37:40,997 - Velocimacro :  VM library template macro registration complete.
2015-04-01 15:37:40,997 - Velocimacro : allowInline = true : VMs can be defined inline in templates
2015-04-01 15:37:40,997 - Velocimacro : allowInlineToOverride = false : VMs defined inline may NOT replace previous VM definitions
2015-04-01 15:37:40,997 - Velocimacro : allowInlineLocal = false : VMs defined inline will be  global in scope if allowed.
2015-04-01 15:37:40,997 - Velocimacro : messages on  : VM system will output logging messages
2015-04-01 15:37:40,997 - Velocimacro : autoload off  : VM system will not automatically reload global library macros
2015-04-01 15:37:40,997 - Velocimacro : initialization complete.
2015-04-01 15:37:40,997 - Velocity successfully started.
2015-04-01 15:39:19,397 - SimpleLog4JLogSystem initialized using logfile 'velocity.log'
2015-04-01 15:39:19,397 - ************************************************************** 
2015-04-01 15:39:19,397 - Starting Jakarta Velocity v1.4
2015-04-01 15:39:19,397 - RuntimeInstance initializing.
2015-04-01 15:39:19,397 - Default Properties File: org\apache\velocity\runtime\defaults\velocity.properties
2015-04-01 15:39:19,397 - Trying to use logger class org.apache.velocity.runtime.log.SimpleLog4JLogSystem
2015-04-01 15:39:19,397 - Using logger class org.apache.velocity.runtime.log.SimpleLog4JLogSystem
2015-04-01 15:39:19,397 - Default ResourceManager initializing. (class org.apache.velocity.runtime.resource.ResourceManagerImpl)
2015-04-01 15:39:19,397 - Resource Loader Instantiated: org.apache.velocity.runtime.resource.loader.ClasspathResourceLoader
2015-04-01 15:39:19,397 - ClasspathResourceLoader : initialization starting.
2015-04-01 15:39:19,397 - ClasspathResourceLoader : initialization complete.
2015-04-01 15:39:19,397 - ResourceCache : initialized. (class org.apache.velocity.runtime.resource.ResourceCacheImpl)
2015-04-01 15:39:19,397 - Default ResourceManager initialization complete.
2015-04-01 15:39:19,413 - Loaded System Directive: org.apache.velocity.runtime.directive.Literal
2015-04-01 15:39:19,413 - Loaded System Directive: org.apache.velocity.runtime.directive.Macro
2015-04-01 15:39:19,413 - Loaded System Directive: org.apache.velocity.runtime.directive.Parse
2015-04-01 15:39:19,413 - Loaded System Directive: org.apache.velocity.runtime.directive.Include
2015-04-01 15:39:19,413 - Loaded System Directive: org.apache.velocity.runtime.directive.Foreach
2015-04-01 15:39:19,460 - Created: 20 parsers.
2015-04-01 15:39:19,475 - Velocimacro : initialization starting.
2015-04-01 15:39:19,475 - Velocimacro : adding VMs from VM library template : VM_global_library.vm
2015-04-01 15:39:19,475 - ResourceManager : unable to find resource 'VM_global_library.vm' in any resource loader.
2015-04-01 15:39:19,475 - Velocimacro : error using  VM library template VM_global_library.vm : org.apache.velocity.exception.ResourceNotFoundException: Unable to find resource 'VM_global_library.vm'
2015-04-01 15:39:19,475 - Velocimacro :  VM library template macro registration complete.
2015-04-01 15:39:19,475 - Velocimacro : allowInline = true : VMs can be defined inline in templates
2015-04-01 15:39:19,475 - Velocimacro : allowInlineToOverride = false : VMs defined inline may NOT replace previous VM definitions
2015-04-01 15:39:19,475 - Velocimacro : allowInlineLocal = false : VMs defined inline will be  global in scope if allowed.
2015-04-01 15:39:19,475 - Velocimacro : messages on  : VM system will output logging messages
2015-04-01 15:39:19,475 - Velocimacro : autoload off  : VM system will not automatically reload global library macros
2015-04-01 15:39:19,475 - Velocimacro : initialization complete.
2015-04-01 15:39:19,475 - Velocity successfully started.
2015-04-01 15:41:18,715 - SimpleLog4JLogSystem initialized using logfile 'velocity.log'
2015-04-01 15:41:18,715 - ************************************************************** 
2015-04-01 15:41:18,715 - Starting Jakarta Velocity v1.4
2015-04-01 15:41:18,715 - RuntimeInstance initializing.
2015-04-01 15:41:18,715 - Default Properties File: org\apache\velocity\runtime\defaults\velocity.properties
2015-04-01 15:41:18,715 - Trying to use logger class org.apache.velocity.runtime.log.SimpleLog4JLogSystem
2015-04-01 15:41:18,715 - Using logger class org.apache.velocity.runtime.log.SimpleLog4JLogSystem
2015-04-01 15:41:18,715 - Default ResourceManager initializing. (class org.apache.velocity.runtime.resource.ResourceManagerImpl)
2015-04-01 15:41:18,731 - Resource Loader Instantiated: org.apache.velocity.runtime.resource.loader.ClasspathResourceLoader
2015-04-01 15:41:18,731 - ClasspathResourceLoader : initialization starting.
2015-04-01 15:41:18,731 - ClasspathResourceLoader : initialization complete.
2015-04-01 15:41:18,731 - ResourceCache : initialized. (class org.apache.velocity.runtime.resource.ResourceCacheImpl)
2015-04-01 15:41:18,731 - Default ResourceManager initialization complete.
2015-04-01 15:41:18,731 - Loaded System Directive: org.apache.velocity.runtime.directive.Literal
2015-04-01 15:41:18,731 - Loaded System Directive: org.apache.velocity.runtime.directive.Macro
2015-04-01 15:41:18,731 - Loaded System Directive: org.apache.velocity.runtime.directive.Parse
2015-04-01 15:41:18,731 - Loaded System Directive: org.apache.velocity.runtime.directive.Include
2015-04-01 15:41:18,731 - Loaded System Directive: org.apache.velocity.runtime.directive.Foreach
2015-04-01 15:41:18,778 - Created: 20 parsers.
2015-04-01 15:41:18,778 - Velocimacro : initialization starting.
2015-04-01 15:41:18,778 - Velocimacro : adding VMs from VM library template : VM_global_library.vm
2015-04-01 15:41:18,793 - ResourceManager : unable to find resource 'VM_global_library.vm' in any resource loader.
2015-04-01 15:41:18,793 - Velocimacro : error using  VM library template VM_global_library.vm : org.apache.velocity.exception.ResourceNotFoundException: Unable to find resource 'VM_global_library.vm'
2015-04-01 15:41:18,793 - Velocimacro :  VM library template macro registration complete.
2015-04-01 15:41:18,793 - Velocimacro : allowInline = true : VMs can be defined inline in templates
2015-04-01 15:41:18,793 - Velocimacro : allowInlineToOverride = false : VMs defined inline may NOT replace previous VM definitions
2015-04-01 15:41:18,793 - Velocimacro : allowInlineLocal = false : VMs defined inline will be  global in scope if allowed.
2015-04-01 15:41:18,793 - Velocimacro : messages on  : VM system will output logging messages
2015-04-01 15:41:18,793 - Velocimacro : autoload off  : VM system will not automatically reload global library macros
2015-04-01 15:41:18,793 - Velocimacro : initialization complete.
2015-04-01 15:41:18,793 - Velocity successfully started.
2015-04-01 15:45:05,792 - SimpleLog4JLogSystem initialized using logfile 'velocity.log'
2015-04-01 15:45:05,792 - ************************************************************** 
2015-04-01 15:45:05,792 - Starting Jakarta Velocity v1.4
2015-04-01 15:45:05,792 - RuntimeInstance initializing.
2015-04-01 15:45:05,792 - Default Properties File: org\apache\velocity\runtime\defaults\velocity.properties
2015-04-01 15:45:05,792 - Trying to use logger class org.apache.velocity.runtime.log.SimpleLog4JLogSystem
2015-04-01 15:45:05,792 - Using logger class org.apache.velocity.runtime.log.SimpleLog4JLogSystem
2015-04-01 15:45:05,792 - Default ResourceManager initializing. (class org.apache.velocity.runtime.resource.ResourceManagerImpl)
2015-04-01 15:45:05,808 - Resource Loader Instantiated: org.apache.velocity.runtime.resource.loader.ClasspathResourceLoader
2015-04-01 15:45:05,808 - ClasspathResourceLoader : initialization starting.
2015-04-01 15:45:05,808 - ClasspathResourceLoader : initialization complete.
2015-04-01 15:45:05,808 - ResourceCache : initialized. (class org.apache.velocity.runtime.resource.ResourceCacheImpl)
2015-04-01 15:45:05,808 - Default ResourceManager initialization complete.
2015-04-01 15:45:05,808 - Loaded System Directive: org.apache.velocity.runtime.directive.Literal
2015-04-01 15:45:05,808 - Loaded System Directive: org.apache.velocity.runtime.directive.Macro
2015-04-01 15:45:05,808 - Loaded System Directive: org.apache.velocity.runtime.directive.Parse
2015-04-01 15:45:05,823 - Loaded System Directive: org.apache.velocity.runtime.directive.Include
2015-04-01 15:45:05,823 - Loaded System Directive: org.apache.velocity.runtime.directive.Foreach
2015-04-01 15:45:05,870 - Created: 20 parsers.
2015-04-01 15:45:05,870 - Velocimacro : initialization starting.
2015-04-01 15:45:05,870 - Velocimacro : adding VMs from VM library template : VM_global_library.vm
2015-04-01 15:45:05,886 - ResourceManager : unable to find resource 'VM_global_library.vm' in any resource loader.
2015-04-01 15:45:05,886 - Velocimacro : error using  VM library template VM_global_library.vm : org.apache.velocity.exception.ResourceNotFoundException: Unable to find resource 'VM_global_library.vm'
2015-04-01 15:45:05,886 - Velocimacro :  VM library template macro registration complete.
2015-04-01 15:45:05,886 - Velocimacro : allowInline = true : VMs can be defined inline in templates
2015-04-01 15:45:05,886 - Velocimacro : allowInlineToOverride = false : VMs defined inline may NOT replace previous VM definitions
2015-04-01 15:45:05,886 - Velocimacro : allowInlineLocal = false : VMs defined inline will be  global in scope if allowed.
2015-04-01 15:45:05,886 - Velocimacro : messages on  : VM system will output logging messages
2015-04-01 15:45:05,886 - Velocimacro : autoload off  : VM system will not automatically reload global library macros
2015-04-01 15:45:05,886 - Velocimacro : initialization complete.
2015-04-01 15:45:05,886 - Velocity successfully started.
2015-04-01 15:52:09,761 - SimpleLog4JLogSystem initialized using logfile 'velocity.log'
2015-04-01 15:52:09,761 - ************************************************************** 
2015-04-01 15:52:09,761 - Starting Jakarta Velocity v1.4
2015-04-01 15:52:09,761 - RuntimeInstance initializing.
2015-04-01 15:52:09,761 - Default Properties File: org\apache\velocity\runtime\defaults\velocity.properties
2015-04-01 15:52:09,761 - Trying to use logger class org.apache.velocity.runtime.log.SimpleLog4JLogSystem
2015-04-01 15:52:09,761 - Using logger class org.apache.velocity.runtime.log.SimpleLog4JLogSystem
2015-04-01 15:52:09,777 - Default ResourceManager initializing. (class org.apache.velocity.runtime.resource.ResourceManagerImpl)
2015-04-01 15:52:09,777 - Resource Loader Instantiated: org.apache.velocity.runtime.resource.loader.ClasspathResourceLoader
2015-04-01 15:52:09,777 - ClasspathResourceLoader : initialization starting.
2015-04-01 15:52:09,777 - ClasspathResourceLoader : initialization complete.
2015-04-01 15:52:09,777 - ResourceCache : initialized. (class org.apache.velocity.runtime.resource.ResourceCacheImpl)
2015-04-01 15:52:09,777 - Default ResourceManager initialization complete.
2015-04-01 15:52:09,777 - Loaded System Directive: org.apache.velocity.runtime.directive.Literal
2015-04-01 15:52:09,777 - Loaded System Directive: org.apache.velocity.runtime.directive.Macro
2015-04-01 15:52:09,777 - Loaded System Directive: org.apache.velocity.runtime.directive.Parse
2015-04-01 15:52:09,792 - Loaded System Directive: org.apache.velocity.runtime.directive.Include
2015-04-01 15:52:09,792 - Loaded System Directive: org.apache.velocity.runtime.directive.Foreach
2015-04-01 15:52:09,824 - Created: 20 parsers.
2015-04-01 15:52:09,839 - Velocimacro : initialization starting.
2015-04-01 15:52:09,839 - Velocimacro : adding VMs from VM library template : VM_global_library.vm
2015-04-01 15:52:09,839 - ResourceManager : unable to find resource 'VM_global_library.vm' in any resource loader.
2015-04-01 15:52:09,839 - Velocimacro : error using  VM library template VM_global_library.vm : org.apache.velocity.exception.ResourceNotFoundException: Unable to find resource 'VM_global_library.vm'
2015-04-01 15:52:09,839 - Velocimacro :  VM library template macro registration complete.
2015-04-01 15:52:09,839 - Velocimacro : allowInline = true : VMs can be defined inline in templates
2015-04-01 15:52:09,839 - Velocimacro : allowInlineToOverride = false : VMs defined inline may NOT replace previous VM definitions
2015-04-01 15:52:09,839 - Velocimacro : allowInlineLocal = false : VMs defined inline will be  global in scope if allowed.
2015-04-01 15:52:09,839 - Velocimacro : messages on  : VM system will output logging messages
2015-04-01 15:52:09,839 - Velocimacro : autoload off  : VM system will not automatically reload global library macros
2015-04-01 15:52:09,839 - Velocimacro : initialization complete.
2015-04-01 15:52:09,839 - Velocity successfully started.
2015-04-01 16:14:06,095 - SimpleLog4JLogSystem initialized using logfile 'velocity.log'
2015-04-01 16:14:06,095 - ************************************************************** 
2015-04-01 16:14:06,095 - Starting Jakarta Velocity v1.4
2015-04-01 16:14:06,095 - RuntimeInstance initializing.
2015-04-01 16:14:06,095 - Default Properties File: org\apache\velocity\runtime\defaults\velocity.properties
2015-04-01 16:14:06,095 - Trying to use logger class org.apache.velocity.runtime.log.SimpleLog4JLogSystem
2015-04-01 16:14:06,095 - Using logger class org.apache.velocity.runtime.log.SimpleLog4JLogSystem
2015-04-01 16:14:06,095 - Default ResourceManager initializing. (class org.apache.velocity.runtime.resource.ResourceManagerImpl)
2015-04-01 16:14:06,095 - Resource Loader Instantiated: org.apache.velocity.runtime.resource.loader.ClasspathResourceLoader
2015-04-01 16:14:06,095 - ClasspathResourceLoader : initialization starting.
2015-04-01 16:14:06,095 - ClasspathResourceLoader : initialization complete.
2015-04-01 16:14:06,095 - ResourceCache : initialized. (class org.apache.velocity.runtime.resource.ResourceCacheImpl)
2015-04-01 16:14:06,095 - Default ResourceManager initialization complete.
2015-04-01 16:14:06,111 - Loaded System Directive: org.apache.velocity.runtime.directive.Literal
2015-04-01 16:14:06,111 - Loaded System Directive: org.apache.velocity.runtime.directive.Macro
2015-04-01 16:14:06,111 - Loaded System Directive: org.apache.velocity.runtime.directive.Parse
2015-04-01 16:14:06,111 - Loaded System Directive: org.apache.velocity.runtime.directive.Include
2015-04-01 16:14:06,111 - Loaded System Directive: org.apache.velocity.runtime.directive.Foreach
2015-04-01 16:14:06,158 - Created: 20 parsers.
2015-04-01 16:14:06,158 - Velocimacro : initialization starting.
2015-04-01 16:14:06,158 - Velocimacro : adding VMs from VM library template : VM_global_library.vm
2015-04-01 16:14:06,173 - ResourceManager : unable to find resource 'VM_global_library.vm' in any resource loader.
2015-04-01 16:14:06,173 - Velocimacro : error using  VM library template VM_global_library.vm : org.apache.velocity.exception.ResourceNotFoundException: Unable to find resource 'VM_global_library.vm'
2015-04-01 16:14:06,173 - Velocimacro :  VM library template macro registration complete.
2015-04-01 16:14:06,173 - Velocimacro : allowInline = true : VMs can be defined inline in templates
2015-04-01 16:14:06,173 - Velocimacro : allowInlineToOverride = false : VMs defined inline may NOT replace previous VM definitions
2015-04-01 16:14:06,173 - Velocimacro : allowInlineLocal = false : VMs defined inline will be  global in scope if allowed.
2015-04-01 16:14:06,173 - Velocimacro : messages on  : VM system will output logging messages
2015-04-01 16:14:06,173 - Velocimacro : autoload off  : VM system will not automatically reload global library macros
2015-04-01 16:14:06,173 - Velocimacro : initialization complete.
2015-04-01 16:14:06,173 - Velocity successfully started.
2015-04-01 16:17:19,960 - SimpleLog4JLogSystem initialized using logfile 'velocity.log'
2015-04-01 16:17:19,960 - ************************************************************** 
2015-04-01 16:17:19,960 - Starting Jakarta Velocity v1.4
2015-04-01 16:17:19,960 - RuntimeInstance initializing.
2015-04-01 16:17:19,960 - Default Properties File: org\apache\velocity\runtime\defaults\velocity.properties
2015-04-01 16:17:19,960 - Trying to use logger class org.apache.velocity.runtime.log.SimpleLog4JLogSystem
2015-04-01 16:17:19,960 - Using logger class org.apache.velocity.runtime.log.SimpleLog4JLogSystem
2015-04-01 16:17:19,960 - Default ResourceManager initializing. (class org.apache.velocity.runtime.resource.ResourceManagerImpl)
2015-04-01 16:17:19,976 - Resource Loader Instantiated: org.apache.velocity.runtime.resource.loader.ClasspathResourceLoader
2015-04-01 16:17:19,976 - ClasspathResourceLoader : initialization starting.
2015-04-01 16:17:19,976 - ClasspathResourceLoader : initialization complete.
2015-04-01 16:17:19,976 - ResourceCache : initialized. (class org.apache.velocity.runtime.resource.ResourceCacheImpl)
2015-04-01 16:17:19,976 - Default ResourceManager initialization complete.
2015-04-01 16:17:19,976 - Loaded System Directive: org.apache.velocity.runtime.directive.Literal
2015-04-01 16:17:19,976 - Loaded System Directive: org.apache.velocity.runtime.directive.Macro
2015-04-01 16:17:19,976 - Loaded System Directive: org.apache.velocity.runtime.directive.Parse
2015-04-01 16:17:19,992 - Loaded System Directive: org.apache.velocity.runtime.directive.Include
2015-04-01 16:17:19,992 - Loaded System Directive: org.apache.velocity.runtime.directive.Foreach
2015-04-01 16:17:20,038 - Created: 20 parsers.
2015-04-01 16:17:20,038 - Velocimacro : initialization starting.
2015-04-01 16:17:20,038 - Velocimacro : adding VMs from VM library template : VM_global_library.vm
2015-04-01 16:17:20,054 - ResourceManager : unable to find resource 'VM_global_library.vm' in any resource loader.
2015-04-01 16:17:20,054 - Velocimacro : error using  VM library template VM_global_library.vm : org.apache.velocity.exception.ResourceNotFoundException: Unable to find resource 'VM_global_library.vm'
2015-04-01 16:17:20,054 - Velocimacro :  VM library template macro registration complete.
2015-04-01 16:17:20,054 - Velocimacro : allowInline = true : VMs can be defined inline in templates
2015-04-01 16:17:20,054 - Velocimacro : allowInlineToOverride = false : VMs defined inline may NOT replace previous VM definitions
2015-04-01 16:17:20,054 - Velocimacro : allowInlineLocal = false : VMs defined inline will be  global in scope if allowed.
2015-04-01 16:17:20,054 - Velocimacro : messages on  : VM system will output logging messages
2015-04-01 16:17:20,054 - Velocimacro : autoload off  : VM system will not automatically reload global library macros
2015-04-01 16:17:20,054 - Velocimacro : initialization complete.
2015-04-01 16:17:20,054 - Velocity successfully started.
2015-04-01 16:18:46,596 - SimpleLog4JLogSystem initialized using logfile 'velocity.log'
2015-04-01 16:18:46,596 - ************************************************************** 
2015-04-01 16:18:46,596 - Starting Jakarta Velocity v1.4
2015-04-01 16:18:46,596 - RuntimeInstance initializing.
2015-04-01 16:18:46,596 - Default Properties File: org\apache\velocity\runtime\defaults\velocity.properties
2015-04-01 16:18:46,596 - Trying to use logger class org.apache.velocity.runtime.log.SimpleLog4JLogSystem
2015-04-01 16:18:46,596 - Using logger class org.apache.velocity.runtime.log.SimpleLog4JLogSystem
2015-04-01 16:18:46,596 - Default ResourceManager initializing. (class org.apache.velocity.runtime.resource.ResourceManagerImpl)
2015-04-01 16:18:46,596 - Resource Loader Instantiated: org.apache.velocity.runtime.resource.loader.ClasspathResourceLoader
2015-04-01 16:18:46,596 - ClasspathResourceLoader : initialization starting.
2015-04-01 16:18:46,596 - ClasspathResourceLoader : initialization complete.
2015-04-01 16:18:46,596 - ResourceCache : initialized. (class org.apache.velocity.runtime.resource.ResourceCacheImpl)
2015-04-01 16:18:46,596 - Default ResourceManager initialization complete.
2015-04-01 16:18:46,611 - Loaded System Directive: org.apache.velocity.runtime.directive.Literal
2015-04-01 16:18:46,611 - Loaded System Directive: org.apache.velocity.runtime.directive.Macro
2015-04-01 16:18:46,611 - Loaded System Directive: org.apache.velocity.runtime.directive.Parse
2015-04-01 16:18:46,611 - Loaded System Directive: org.apache.velocity.runtime.directive.Include
2015-04-01 16:18:46,611 - Loaded System Directive: org.apache.velocity.runtime.directive.Foreach
2015-04-01 16:18:46,658 - Created: 20 parsers.
2015-04-01 16:18:46,674 - Velocimacro : initialization starting.
2015-04-01 16:18:46,674 - Velocimacro : adding VMs from VM library template : VM_global_library.vm
2015-04-01 16:18:46,674 - ResourceManager : unable to find resource 'VM_global_library.vm' in any resource loader.
2015-04-01 16:18:46,674 - Velocimacro : error using  VM library template VM_global_library.vm : org.apache.velocity.exception.ResourceNotFoundException: Unable to find resource 'VM_global_library.vm'
2015-04-01 16:18:46,674 - Velocimacro :  VM library template macro registration complete.
2015-04-01 16:18:46,674 - Velocimacro : allowInline = true : VMs can be defined inline in templates
2015-04-01 16:18:46,674 - Velocimacro : allowInlineToOverride = false : VMs defined inline may NOT replace previous VM definitions
2015-04-01 16:18:46,674 - Velocimacro : allowInlineLocal = false : VMs defined inline will be  global in scope if allowed.
2015-04-01 16:18:46,674 - Velocimacro : messages on  : VM system will output logging messages
2015-04-01 16:18:46,674 - Velocimacro : autoload off  : VM system will not automatically reload global library macros
2015-04-01 16:18:46,674 - Velocimacro : initialization complete.
2015-04-01 16:18:46,674 - Velocity successfully started.
2015-04-01 16:19:49,238 - SimpleLog4JLogSystem initialized using logfile 'velocity.log'
2015-04-01 16:19:49,238 - ************************************************************** 
2015-04-01 16:19:49,238 - Starting Jakarta Velocity v1.4
2015-04-01 16:19:49,238 - RuntimeInstance initializing.
2015-04-01 16:19:49,238 - Default Properties File: org\apache\velocity\runtime\defaults\velocity.properties
2015-04-01 16:19:49,238 - Trying to use logger class org.apache.velocity.runtime.log.SimpleLog4JLogSystem
2015-04-01 16:19:49,238 - Using logger class org.apache.velocity.runtime.log.SimpleLog4JLogSystem
2015-04-01 16:19:49,253 - Default ResourceManager initializing. (class org.apache.velocity.runtime.resource.ResourceManagerImpl)
2015-04-01 16:19:49,253 - Resource Loader Instantiated: org.apache.velocity.runtime.resource.loader.ClasspathResourceLoader
2015-04-01 16:19:49,253 - ClasspathResourceLoader : initialization starting.
2015-04-01 16:19:49,253 - ClasspathResourceLoader : initialization complete.
2015-04-01 16:19:49,253 - ResourceCache : initialized. (class org.apache.velocity.runtime.resource.ResourceCacheImpl)
2015-04-01 16:19:49,253 - Default ResourceManager initialization complete.
2015-04-01 16:19:49,253 - Loaded System Directive: org.apache.velocity.runtime.directive.Literal
2015-04-01 16:19:49,253 - Loaded System Directive: org.apache.velocity.runtime.directive.Macro
2015-04-01 16:19:49,269 - Loaded System Directive: org.apache.velocity.runtime.directive.Parse
2015-04-01 16:19:49,269 - Loaded System Directive: org.apache.velocity.runtime.directive.Include
2015-04-01 16:19:49,269 - Loaded System Directive: org.apache.velocity.runtime.directive.Foreach
2015-04-01 16:19:49,300 - Created: 20 parsers.
2015-04-01 16:19:49,316 - Velocimacro : initialization starting.
2015-04-01 16:19:49,316 - Velocimacro : adding VMs from VM library template : VM_global_library.vm
2015-04-01 16:19:49,316 - ResourceManager : unable to find resource 'VM_global_library.vm' in any resource loader.
2015-04-01 16:19:49,316 - Velocimacro : error using  VM library template VM_global_library.vm : org.apache.velocity.exception.ResourceNotFoundException: Unable to find resource 'VM_global_library.vm'
2015-04-01 16:19:49,316 - Velocimacro :  VM library template macro registration complete.
2015-04-01 16:19:49,316 - Velocimacro : allowInline = true : VMs can be defined inline in templates
2015-04-01 16:19:49,316 - Velocimacro : allowInlineToOverride = false : VMs defined inline may NOT replace previous VM definitions
2015-04-01 16:19:49,316 - Velocimacro : allowInlineLocal = false : VMs defined inline will be  global in scope if allowed.
2015-04-01 16:19:49,316 - Velocimacro : messages on  : VM system will output logging messages
2015-04-01 16:19:49,316 - Velocimacro : autoload off  : VM system will not automatically reload global library macros
2015-04-01 16:19:49,316 - Velocimacro : initialization complete.
2015-04-01 16:19:49,316 - Velocity successfully started.
2015-04-01 16:24:45,174 - SimpleLog4JLogSystem initialized using logfile 'velocity.log'
2015-04-01 16:24:45,174 - ************************************************************** 
2015-04-01 16:24:45,174 - Starting Jakarta Velocity v1.4
2015-04-01 16:24:45,174 - RuntimeInstance initializing.
2015-04-01 16:24:45,174 - Default Properties File: org\apache\velocity\runtime\defaults\velocity.properties
2015-04-01 16:24:45,174 - Trying to use logger class org.apache.velocity.runtime.log.SimpleLog4JLogSystem
2015-04-01 16:24:45,174 - Using logger class org.apache.velocity.runtime.log.SimpleLog4JLogSystem
2015-04-01 16:24:45,190 - Default ResourceManager initializing. (class org.apache.velocity.runtime.resource.ResourceManagerImpl)
2015-04-01 16:24:45,190 - Resource Loader Instantiated: org.apache.velocity.runtime.resource.loader.ClasspathResourceLoader
2015-04-01 16:24:45,190 - ClasspathResourceLoader : initialization starting.
2015-04-01 16:24:45,190 - ClasspathResourceLoader : initialization complete.
2015-04-01 16:24:45,190 - ResourceCache : initialized. (class org.apache.velocity.runtime.resource.ResourceCacheImpl)
2015-04-01 16:24:45,190 - Default ResourceManager initialization complete.
2015-04-01 16:24:45,190 - Loaded System Directive: org.apache.velocity.runtime.directive.Literal
2015-04-01 16:24:45,205 - Loaded System Directive: org.apache.velocity.runtime.directive.Macro
2015-04-01 16:24:45,205 - Loaded System Directive: org.apache.velocity.runtime.directive.Parse
2015-04-01 16:24:45,205 - Loaded System Directive: org.apache.velocity.runtime.directive.Include
2015-04-01 16:24:45,205 - Loaded System Directive: org.apache.velocity.runtime.directive.Foreach
2015-04-01 16:24:45,252 - Created: 20 parsers.
2015-04-01 16:24:45,252 - Velocimacro : initialization starting.
2015-04-01 16:24:45,252 - Velocimacro : adding VMs from VM library template : VM_global_library.vm
2015-04-01 16:24:45,268 - ResourceManager : unable to find resource 'VM_global_library.vm' in any resource loader.
2015-04-01 16:24:45,268 - Velocimacro : error using  VM library template VM_global_library.vm : org.apache.velocity.exception.ResourceNotFoundException: Unable to find resource 'VM_global_library.vm'
2015-04-01 16:24:45,268 - Velocimacro :  VM library template macro registration complete.
2015-04-01 16:24:45,268 - Velocimacro : allowInline = true : VMs can be defined inline in templates
2015-04-01 16:24:45,268 - Velocimacro : allowInlineToOverride = false : VMs defined inline may NOT replace previous VM definitions
2015-04-01 16:24:45,268 - Velocimacro : allowInlineLocal = false : VMs defined inline will be  global in scope if allowed.
2015-04-01 16:24:45,268 - Velocimacro : messages on  : VM system will output logging messages
2015-04-01 16:24:45,268 - Velocimacro : autoload off  : VM system will not automatically reload global library macros
2015-04-01 16:24:45,268 - Velocimacro : initialization complete.
2015-04-01 16:24:45,268 - Velocity successfully started.
2015-04-01 16:28:20,877 - SimpleLog4JLogSystem initialized using logfile 'velocity.log'
2015-04-01 16:28:20,877 - ************************************************************** 
2015-04-01 16:28:20,877 - Starting Jakarta Velocity v1.4
2015-04-01 16:28:20,877 - RuntimeInstance initializing.
2015-04-01 16:28:20,877 - Default Properties File: org\apache\velocity\runtime\defaults\velocity.properties
2015-04-01 16:28:20,877 - Trying to use logger class org.apache.velocity.runtime.log.SimpleLog4JLogSystem
2015-04-01 16:28:20,877 - Using logger class org.apache.velocity.runtime.log.SimpleLog4JLogSystem
2015-04-01 16:28:20,877 - Default ResourceManager initializing. (class org.apache.velocity.runtime.resource.ResourceManagerImpl)
2015-04-01 16:28:20,877 - Resource Loader Instantiated: org.apache.velocity.runtime.resource.loader.ClasspathResourceLoader
2015-04-01 16:28:20,877 - ClasspathResourceLoader : initialization starting.
2015-04-01 16:28:20,877 - ClasspathResourceLoader : initialization complete.
2015-04-01 16:28:20,877 - ResourceCache : initialized. (class org.apache.velocity.runtime.resource.ResourceCacheImpl)
2015-04-01 16:28:20,877 - Default ResourceManager initialization complete.
2015-04-01 16:28:20,893 - Loaded System Directive: org.apache.velocity.runtime.directive.Literal
2015-04-01 16:28:20,893 - Loaded System Directive: org.apache.velocity.runtime.directive.Macro
2015-04-01 16:28:20,893 - Loaded System Directive: org.apache.velocity.runtime.directive.Parse
2015-04-01 16:28:20,893 - Loaded System Directive: org.apache.velocity.runtime.directive.Include
2015-04-01 16:28:20,893 - Loaded System Directive: org.apache.velocity.runtime.directive.Foreach
2015-04-01 16:28:20,939 - Created: 20 parsers.
2015-04-01 16:28:20,955 - Velocimacro : initialization starting.
2015-04-01 16:28:20,955 - Velocimacro : adding VMs from VM library template : VM_global_library.vm
2015-04-01 16:28:20,971 - ResourceManager : unable to find resource 'VM_global_library.vm' in any resource loader.
2015-04-01 16:28:20,971 - Velocimacro : error using  VM library template VM_global_library.vm : org.apache.velocity.exception.ResourceNotFoundException: Unable to find resource 'VM_global_library.vm'
2015-04-01 16:28:20,971 - Velocimacro :  VM library template macro registration complete.
2015-04-01 16:28:20,971 - Velocimacro : allowInline = true : VMs can be defined inline in templates
2015-04-01 16:28:20,971 - Velocimacro : allowInlineToOverride = false : VMs defined inline may NOT replace previous VM definitions
2015-04-01 16:28:20,971 - Velocimacro : allowInlineLocal = false : VMs defined inline will be  global in scope if allowed.
2015-04-01 16:28:20,971 - Velocimacro : messages on  : VM system will output logging messages
2015-04-01 16:28:20,971 - Velocimacro : autoload off  : VM system will not automatically reload global library macros
2015-04-01 16:28:20,971 - Velocimacro : initialization complete.
2015-04-01 16:28:20,971 - Velocity successfully started.
2015-04-01 16:31:21,658 - SimpleLog4JLogSystem initialized using logfile 'velocity.log'
2015-04-01 16:31:21,658 - ************************************************************** 
2015-04-01 16:31:21,658 - Starting Jakarta Velocity v1.4
2015-04-01 16:31:21,658 - RuntimeInstance initializing.
2015-04-01 16:31:21,658 - Default Properties File: org\apache\velocity\runtime\defaults\velocity.properties
2015-04-01 16:31:21,658 - Trying to use logger class org.apache.velocity.runtime.log.SimpleLog4JLogSystem
2015-04-01 16:31:21,658 - Using logger class org.apache.velocity.runtime.log.SimpleLog4JLogSystem
2015-04-01 16:31:21,658 - Default ResourceManager initializing. (class org.apache.velocity.runtime.resource.ResourceManagerImpl)
2015-04-01 16:31:21,658 - Resource Loader Instantiated: org.apache.velocity.runtime.resource.loader.ClasspathResourceLoader
2015-04-01 16:31:21,658 - ClasspathResourceLoader : initialization starting.
2015-04-01 16:31:21,658 - ClasspathResourceLoader : initialization complete.
2015-04-01 16:31:21,658 - ResourceCache : initialized. (class org.apache.velocity.runtime.resource.ResourceCacheImpl)
2015-04-01 16:31:21,658 - Default ResourceManager initialization complete.
2015-04-01 16:31:21,658 - Loaded System Directive: org.apache.velocity.runtime.directive.Literal
2015-04-01 16:31:21,674 - Loaded System Directive: org.apache.velocity.runtime.directive.Macro
2015-04-01 16:31:21,674 - Loaded System Directive: org.apache.velocity.runtime.directive.Parse
2015-04-01 16:31:21,674 - Loaded System Directive: org.apache.velocity.runtime.directive.Include
2015-04-01 16:31:21,674 - Loaded System Directive: org.apache.velocity.runtime.directive.Foreach
2015-04-01 16:31:21,705 - Created: 20 parsers.
2015-04-01 16:31:21,721 - Velocimacro : initialization starting.
2015-04-01 16:31:21,721 - Velocimacro : adding VMs from VM library template : VM_global_library.vm
2015-04-01 16:31:21,721 - ResourceManager : unable to find resource 'VM_global_library.vm' in any resource loader.
2015-04-01 16:31:21,721 - Velocimacro : error using  VM library template VM_global_library.vm : org.apache.velocity.exception.ResourceNotFoundException: Unable to find resource 'VM_global_library.vm'
2015-04-01 16:31:21,721 - Velocimacro :  VM library template macro registration complete.
2015-04-01 16:31:21,721 - Velocimacro : allowInline = true : VMs can be defined inline in templates
2015-04-01 16:31:21,721 - Velocimacro : allowInlineToOverride = false : VMs defined inline may NOT replace previous VM definitions
2015-04-01 16:31:21,721 - Velocimacro : allowInlineLocal = false : VMs defined inline will be  global in scope if allowed.
2015-04-01 16:31:21,721 - Velocimacro : messages on  : VM system will output logging messages
2015-04-01 16:31:21,721 - Velocimacro : autoload off  : VM system will not automatically reload global library macros
2015-04-01 16:31:21,721 - Velocimacro : initialization complete.
2015-04-01 16:31:21,721 - Velocity successfully started.
2015-04-20 15:21:55,674 - SimpleLog4JLogSystem initialized using logfile 'velocity.log'
2015-04-20 15:21:55,674 - ************************************************************** 
2015-04-20 15:21:55,674 - Starting Jakarta Velocity v1.4
2015-04-20 15:21:55,674 - RuntimeInstance initializing.
2015-04-20 15:21:55,674 - Default Properties File: org\apache\velocity\runtime\defaults\velocity.properties
2015-04-20 15:21:55,674 - Trying to use logger class org.apache.velocity.runtime.log.SimpleLog4JLogSystem
2015-04-20 15:21:55,674 - Using logger class org.apache.velocity.runtime.log.SimpleLog4JLogSystem
2015-04-20 15:21:55,674 - Default ResourceManager initializing. (class org.apache.velocity.runtime.resource.ResourceManagerImpl)
2015-04-20 15:21:55,690 - Resource Loader Instantiated: org.apache.velocity.runtime.resource.loader.ClasspathResourceLoader
2015-04-20 15:21:55,690 - ClasspathResourceLoader : initialization starting.
2015-04-20 15:21:55,690 - ClasspathResourceLoader : initialization complete.
2015-04-20 15:21:55,690 - ResourceCache : initialized. (class org.apache.velocity.runtime.resource.ResourceCacheImpl)
2015-04-20 15:21:55,690 - Default ResourceManager initialization complete.
2015-04-20 15:21:55,690 - Loaded System Directive: org.apache.velocity.runtime.directive.Literal
2015-04-20 15:21:55,690 - Loaded System Directive: org.apache.velocity.runtime.directive.Macro
2015-04-20 15:21:55,690 - Loaded System Directive: org.apache.velocity.runtime.directive.Parse
2015-04-20 15:21:55,705 - Loaded System Directive: org.apache.velocity.runtime.directive.Include
2015-04-20 15:21:55,705 - Loaded System Directive: org.apache.velocity.runtime.directive.Foreach
2015-04-20 15:21:55,737 - Created: 20 parsers.
2015-04-20 15:21:55,752 - Velocimacro : initialization starting.
2015-04-20 15:21:55,752 - Velocimacro : adding VMs from VM library template : VM_global_library.vm
2015-04-20 15:21:55,768 - ResourceManager : unable to find resource 'VM_global_library.vm' in any resource loader.
2015-04-20 15:21:55,768 - Velocimacro : error using  VM library template VM_global_library.vm : org.apache.velocity.exception.ResourceNotFoundException: Unable to find resource 'VM_global_library.vm'
2015-04-20 15:21:55,768 - Velocimacro :  VM library template macro registration complete.
2015-04-20 15:21:55,768 - Velocimacro : allowInline = true : VMs can be defined inline in templates
2015-04-20 15:21:55,768 - Velocimacro : allowInlineToOverride = false : VMs defined inline may NOT replace previous VM definitions
2015-04-20 15:21:55,768 - Velocimacro : allowInlineLocal = false : VMs defined inline will be  global in scope if allowed.
2015-04-20 15:21:55,768 - Velocimacro : messages on  : VM system will output logging messages
2015-04-20 15:21:55,768 - Velocimacro : autoload off  : VM system will not automatically reload global library macros
2015-04-20 15:21:55,768 - Velocimacro : initialization complete.
2015-04-20 15:21:55,768 - Velocity successfully started.
2015-04-20 16:07:32,202 - SimpleLog4JLogSystem initialized using logfile 'velocity.log'
2015-04-20 16:07:32,218 - ************************************************************** 
2015-04-20 16:07:32,218 - Starting Jakarta Velocity v1.4
2015-04-20 16:07:32,218 - RuntimeInstance initializing.
2015-04-20 16:07:32,218 - Default Properties File: org\apache\velocity\runtime\defaults\velocity.properties
2015-04-20 16:07:32,218 - Trying to use logger class org.apache.velocity.runtime.log.SimpleLog4JLogSystem
2015-04-20 16:07:32,218 - Using logger class org.apache.velocity.runtime.log.SimpleLog4JLogSystem
2015-04-20 16:07:32,234 - Default ResourceManager initializing. (class org.apache.velocity.runtime.resource.ResourceManagerImpl)
2015-04-20 16:07:32,234 - Resource Loader Instantiated: org.apache.velocity.runtime.resource.loader.ClasspathResourceLoader
2015-04-20 16:07:32,234 - ClasspathResourceLoader : initialization starting.
2015-04-20 16:07:32,234 - ClasspathResourceLoader : initialization complete.
2015-04-20 16:07:32,234 - ResourceCache : initialized. (class org.apache.velocity.runtime.resource.ResourceCacheImpl)
2015-04-20 16:07:32,234 - Default ResourceManager initialization complete.
2015-04-20 16:07:32,234 - Loaded System Directive: org.apache.velocity.runtime.directive.Literal
2015-04-20 16:07:32,249 - Loaded System Directive: org.apache.velocity.runtime.directive.Macro
2015-04-20 16:07:32,249 - Loaded System Directive: org.apache.velocity.runtime.directive.Parse
2015-04-20 16:07:32,249 - Loaded System Directive: org.apache.velocity.runtime.directive.Include
2015-04-20 16:07:32,249 - Loaded System Directive: org.apache.velocity.runtime.directive.Foreach
2015-04-20 16:07:32,312 - Created: 20 parsers.
2015-04-20 16:07:32,327 - Velocimacro : initialization starting.
2015-04-20 16:07:32,327 - Velocimacro : adding VMs from VM library template : VM_global_library.vm
2015-04-20 16:07:32,327 - ResourceManager : unable to find resource 'VM_global_library.vm' in any resource loader.
2015-04-20 16:07:32,327 - Velocimacro : error using  VM library template VM_global_library.vm : org.apache.velocity.exception.ResourceNotFoundException: Unable to find resource 'VM_global_library.vm'
2015-04-20 16:07:32,327 - Velocimacro :  VM library template macro registration complete.
2015-04-20 16:07:32,327 - Velocimacro : allowInline = true : VMs can be defined inline in templates
2015-04-20 16:07:32,327 - Velocimacro : allowInlineToOverride = false : VMs defined inline may NOT replace previous VM definitions
2015-04-20 16:07:32,327 - Velocimacro : allowInlineLocal = false : VMs defined inline will be  global in scope if allowed.
2015-04-20 16:07:32,327 - Velocimacro : messages on  : VM system will output logging messages
2015-04-20 16:07:32,327 - Velocimacro : autoload off  : VM system will not automatically reload global library macros
2015-04-20 16:07:32,327 - Velocimacro : initialization complete.
2015-04-20 16:07:32,327 - Velocity successfully started.
2015-04-23 15:06:56,506 - SimpleLog4JLogSystem initialized using logfile 'velocity.log'
2015-04-23 15:06:56,537 - ************************************************************** 
2015-04-23 15:06:56,537 - Starting Jakarta Velocity v1.4
2015-04-23 15:06:56,537 - RuntimeInstance initializing.
2015-04-23 15:06:56,537 - Default Properties File: org\apache\velocity\runtime\defaults\velocity.properties
2015-04-23 15:06:56,537 - Trying to use logger class org.apache.velocity.runtime.log.SimpleLog4JLogSystem
2015-04-23 15:06:56,537 - Using logger class org.apache.velocity.runtime.log.SimpleLog4JLogSystem
2015-04-23 15:06:56,552 - Default ResourceManager initializing. (class org.apache.velocity.runtime.resource.ResourceManagerImpl)
2015-04-23 15:06:56,584 - Resource Loader Instantiated: org.apache.velocity.runtime.resource.loader.ClasspathResourceLoader
2015-04-23 15:06:56,584 - ClasspathResourceLoader : initialization starting.
2015-04-23 15:06:56,584 - ClasspathResourceLoader : initialization complete.
2015-04-23 15:06:56,584 - ResourceCache : initialized. (class org.apache.velocity.runtime.resource.ResourceCacheImpl)
2015-04-23 15:06:56,584 - Default ResourceManager initialization complete.
2015-04-23 15:06:56,599 - Loaded System Directive: org.apache.velocity.runtime.directive.Literal
2015-04-23 15:06:56,599 - Loaded System Directive: org.apache.velocity.runtime.directive.Macro
2015-04-23 15:06:56,599 - Loaded System Directive: org.apache.velocity.runtime.directive.Parse
2015-04-23 15:06:56,646 - Loaded System Directive: org.apache.velocity.runtime.directive.Include
2015-04-23 15:06:56,646 - Loaded System Directive: org.apache.velocity.runtime.directive.Foreach
2015-04-23 15:06:56,818 - Created: 20 parsers.
2015-04-23 15:06:56,833 - Velocimacro : initialization starting.
2015-04-23 15:06:56,833 - Velocimacro : adding VMs from VM library template : VM_global_library.vm
2015-04-23 15:06:56,849 - ResourceManager : unable to find resource 'VM_global_library.vm' in any resource loader.
2015-04-23 15:06:56,849 - Velocimacro : error using  VM library template VM_global_library.vm : org.apache.velocity.exception.ResourceNotFoundException: Unable to find resource 'VM_global_library.vm'
2015-04-23 15:06:56,849 - Velocimacro :  VM library template macro registration complete.
2015-04-23 15:06:56,849 - Velocimacro : allowInline = true : VMs can be defined inline in templates
2015-04-23 15:06:56,849 - Velocimacro : allowInlineToOverride = false : VMs defined inline may NOT replace previous VM definitions
2015-04-23 15:06:56,849 - Velocimacro : allowInlineLocal = false : VMs defined inline will be  global in scope if allowed.
2015-04-23 15:06:56,849 - Velocimacro : messages on  : VM system will output logging messages
2015-04-23 15:06:56,849 - Velocimacro : autoload off  : VM system will not automatically reload global library macros
2015-04-23 15:06:56,849 - Velocimacro : initialization complete.
2015-04-23 15:06:56,849 - Velocity successfully started.
2015-04-23 18:28:11,406 - SimpleLog4JLogSystem initialized using logfile 'velocity.log'
2015-04-23 18:28:11,406 - ************************************************************** 
2015-04-23 18:28:11,406 - Starting Jakarta Velocity v1.4
2015-04-23 18:28:11,406 - RuntimeInstance initializing.
2015-04-23 18:28:11,406 - Default Properties File: org\apache\velocity\runtime\defaults\velocity.properties
2015-04-23 18:28:11,406 - Trying to use logger class org.apache.velocity.runtime.log.SimpleLog4JLogSystem
2015-04-23 18:28:11,406 - Using logger class org.apache.velocity.runtime.log.SimpleLog4JLogSystem
2015-04-23 18:28:11,422 - Default ResourceManager initializing. (class org.apache.velocity.runtime.resource.ResourceManagerImpl)
2015-04-23 18:28:11,422 - Resource Loader Instantiated: org.apache.velocity.runtime.resource.loader.ClasspathResourceLoader
2015-04-23 18:28:11,422 - ClasspathResourceLoader : initialization starting.
2015-04-23 18:28:11,422 - ClasspathResourceLoader : initialization complete.
2015-04-23 18:28:11,422 - ResourceCache : initialized. (class org.apache.velocity.runtime.resource.ResourceCacheImpl)
2015-04-23 18:28:11,422 - Default ResourceManager initialization complete.
2015-04-23 18:28:11,422 - Loaded System Directive: org.apache.velocity.runtime.directive.Literal
2015-04-23 18:28:11,437 - Loaded System Directive: org.apache.velocity.runtime.directive.Macro
2015-04-23 18:28:11,437 - Loaded System Directive: org.apache.velocity.runtime.directive.Parse
2015-04-23 18:28:11,437 - Loaded System Directive: org.apache.velocity.runtime.directive.Include
2015-04-23 18:28:11,437 - Loaded System Directive: org.apache.velocity.runtime.directive.Foreach
2015-04-23 18:28:11,484 - Created: 20 parsers.
2015-04-23 18:28:11,500 - Velocimacro : initialization starting.
2015-04-23 18:28:11,500 - Velocimacro : adding VMs from VM library template : VM_global_library.vm
2015-04-23 18:28:11,515 - ResourceManager : unable to find resource 'VM_global_library.vm' in any resource loader.
2015-04-23 18:28:11,515 - Velocimacro : error using  VM library template VM_global_library.vm : org.apache.velocity.exception.ResourceNotFoundException: Unable to find resource 'VM_global_library.vm'
2015-04-23 18:28:11,515 - Velocimacro :  VM library template macro registration complete.
2015-04-23 18:28:11,515 - Velocimacro : allowInline = true : VMs can be defined inline in templates
2015-04-23 18:28:11,515 - Velocimacro : allowInlineToOverride = false : VMs defined inline may NOT replace previous VM definitions
2015-04-23 18:28:11,515 - Velocimacro : allowInlineLocal = false : VMs defined inline will be  global in scope if allowed.
2015-04-23 18:28:11,515 - Velocimacro : messages on  : VM system will output logging messages
2015-04-23 18:28:11,515 - Velocimacro : autoload off  : VM system will not automatically reload global library macros
2015-04-23 18:28:11,515 - Velocimacro : initialization complete.
2015-04-23 18:28:11,515 - Velocity successfully started.
